This is LuaHBTeX, Version 1.17.0 (TeX Live 2023)  (format=lualatex 2023.11.19)  31 JUL 2024 19:08
 restricted system commands enabled.
**Report.tex
(./Report.tex
LaTeX2e <2023-11-01>
L3 programming layer <2023-11-09>
Lua module: luaotfload 2023-08-31 3.26 Lua based OpenType font support
Lua module: lualibs 2023-07-13 2.76 ConTeXt Lua standard libraries.
Lua module: lualibs-extended 2023-07-13 2.76 ConTeXt Lua libraries -- extended collection.
luaotfload | conf : Root cache directory is "/home/tabea/.local/texlive/2023/texmf-var/luatex-cache/generic/names".
luaotfload | init : Loading fontloader "fontloader-2023-08-19.lua" from kpse-resolved path "/home/tabea/.local/texlive/2023/texmf-dist/tex/luatex/luaotfload/fontloader-2023-08-19.lua".
Lua-only attribute luaotfload@noligature = 1
luaotfload | init : Context OpenType loader version 3.133
Inserting `luaotfload.node_processor' in `pre_linebreak_filter'.
Inserting `luaotfload.node_processor' in `hpack_filter'.
Inserting `luaotfload.glyph_stream' in `glyph_stream_provider'.
Inserting `luaotfload.define_font' in `define_font'.
Lua-only attribute luaotfload_color_attribute = 2
luaotfload | conf : Root cache directory is "/home/tabea/.local/texlive/2023/texmf-var/luatex-cache/generic/names".
Inserting `luaotfload.harf.strip_prefix' in `find_opentype_file'.
Inserting `luaotfload.harf.strip_prefix' in `find_truetype_file'.
Removing  `luaotfload.glyph_stream' from `glyph_stream_provider'.
Inserting `luaotfload.harf.glyphstream' in `glyph_stream_provider'.
Inserting `luaotfload.harf.finalize_vlist' in `post_linebreak_filter'.
Inserting `luaotfload.harf.finalize_hlist' in `hpack_filter'.
Inserting `luaotfload.cleanup_files' in `wrapup_run'.
Inserting `luaotfload.harf.finalize_unicode' in `finish_pdffile'.
Inserting `luaotfload.glyphinfo' in `glyph_info'.
Lua-only attribute luaotfload.letterspace_done = 3
Inserting `luaotfload.aux.set_sscale_dimens' in `luaotfload.patch_font'.
Inserting `luaotfload.aux.set_font_index' in `luaotfload.patch_font'.
Inserting `luaotfload.aux.patch_cambria_domh' in `luaotfload.patch_font'.
Inserting `luaotfload.aux.fixup_fontdata' in `luaotfload.patch_font_unsafe'.
Inserting `luaotfload.aux.set_capheight' in `luaotfload.patch_font'.
Inserting `luaotfload.aux.set_xheight' in `luaotfload.patch_font'.
Inserting `luaotfload.rewrite_fontname' in `luaotfload.patch_font'.
Inserting `tracingstacklevels' in `input_level_string'. (../header_en.tex (/home/tabea/.local/texlive/2023/texmf-dist/tex/latex/koma-script/scrartcl.cls
Document Class: scrartcl 2023/07/07 v3.41 KOMA-Script document class (article)
(/home/tabea/.local/texlive/2023/texmf-dist/tex/latex/koma-script/scrkbase.sty
Package: scrkbase 2023/07/07 v3.41 KOMA-Script package (KOMA-Script-dependent basics and keyval usage)
 (/home/tabea/.local/texlive/2023/texmf-dist/tex/latex/koma-script/scrbase.sty
Package: scrbase 2023/07/07 v3.41 KOMA-Script package (KOMA-Script-independent basics and keyval usage)
 (/home/tabea/.local/texlive/2023/texmf-dist/tex/latex/koma-script/scrlfile.sty
Package: scrlfile 2023/07/07 v3.41 KOMA-Script package (file load hooks)
 (/home/tabea/.local/texlive/2023/texmf-dist/tex/latex/koma-script/scrlfile-hook.sty
Package: scrlfile-hook 2023/07/07 v3.41 KOMA-Script package (using LaTeX hooks)
 (/home/tabea/.local/texlive/2023/texmf-dist/tex/latex/koma-script/scrlogo.sty
Package: scrlogo 2023/07/07 v3.41 KOMA-Script package (logo)
))) (/home/tabea/.local/texlive/2023/texmf-dist/tex/latex/graphics/keyval.sty
Package: keyval 2022/05/29 v1.15 key=value parser (DPC)
\KV@toks@=\toks17
)
Applying: [2021/05/01] Usage of raw or classic option list on input line 252.
Already applied: [0000/00/00] Usage of raw or classic option list on input line 368.
)) (/home/tabea/.local/texlive/2023/texmf-dist/tex/latex/koma-script/tocbasic.sty
Package: tocbasic 2023/07/07 v3.41 KOMA-Script package (handling toc-files)
\scr@dte@tocline@numberwidth=\skip48
\scr@dte@tocline@numbox=\box51
)
Package tocbasic Info: omitting babel extension for `toc'
(tocbasic)             because of feature `nobabel' available
(tocbasic)             for `toc' on input line 133.
Package scrartcl Info: You've used standard option `12pt'.
(scrartcl)             This is correct!
(scrartcl)             Internally I'm using `fontsize=12pt'.
(scrartcl)             If you'd like to set the option with \KOMAoptions,
(scrartcl)             you'd have to use `fontsize=12pt' there
(scrartcl)             instead of `12pt', too.
Class scrartcl Info: File `scrsize12pt.clo' used to setup font sizes on input line 2441.
 (/home/tabea/.local/texlive/2023/texmf-dist/tex/latex/koma-script/scrsize12pt.clo
File: scrsize12pt.clo 2023/07/07 v3.41 KOMA-Script font size class option (12pt)
luaotfload | db : Font names database loaded from /home/tabea/.local/texlive/2023/texmf-var/luatex-cache/generic/names/luaotfload-names.luc.gz) (/home/tabea/.local/texlive/2023/texmf-dist/tex/latex/koma-script/typearea.sty
Package: typearea 2023/07/07 v3.41 KOMA-Script package (type area)
\ta@bcor=\skip49
\ta@div=\count184
\ta@hblk=\skip50
\ta@vblk=\skip51
\ta@temp=\skip52
\footheight=\skip53
Package typearea Info: These are the values describing the layout:
(typearea)             DIV  = 12
(typearea)             BCOR = 0.0pt
(typearea)             \paperwidth      = 597.50793pt
(typearea)              \textwidth      = 448.13095pt
(typearea)              DIV departure   = -6%
(typearea)              \evensidemargin = 2.4185pt
(typearea)              \oddsidemargin  = 2.4185pt
(typearea)             \paperheight     = 845.04694pt
(typearea)              \textheight     = 635.5pt
(typearea)              \topmargin      = -41.72441pt
(typearea)              \headheight     = 18.125pt
(typearea)              \headsep        = 21.75pt
(typearea)              \topskip        = 12.0pt
(typearea)              \footskip       = 50.75pt
(typearea)              \baselineskip   = 14.5pt
(typearea)              on input line 1799.
)
\c@part=\count185
\c@section=\count186
\c@subsection=\count187
\c@subsubsection=\count188
\c@paragraph=\count189
\c@subparagraph=\count190
\scr@dte@section@maxnumwidth=\skip54
Class scrartcl Info: using compatibility default `runin=bysign'
(scrartcl)           for `\section on input line 5082.
Class scrartcl Info: using compatibility default `afterindent=bysign'
(scrartcl)           for `\section on input line 5082.
\scr@dte@part@maxnumwidth=\skip55
Class scrartcl Info: using compatibility default `afterindent=false'
(scrartcl)           for `\part on input line 5090.
\scr@dte@subsection@maxnumwidth=\skip56
Class scrartcl Info: using compatibility default `runin=bysign'
(scrartcl)           for `\subsection on input line 5100.
Class scrartcl Info: using compatibility default `afterindent=bysign'
(scrartcl)           for `\subsection on input line 5100.
\scr@dte@subsubsection@maxnumwidth=\skip57
Class scrartcl Info: using compatibility default `runin=bysign'
(scrartcl)           for `\subsubsection on input line 5110.
Class scrartcl Info: using compatibility default `afterindent=bysign'
(scrartcl)           for `\subsubsection on input line 5110.
\scr@dte@paragraph@maxnumwidth=\skip58
Class scrartcl Info: using compatibility default `runin=bysign'
(scrartcl)           for `\paragraph on input line 5121.
Class scrartcl Info: using compatibility default `afterindent=bysign'
(scrartcl)           for `\paragraph on input line 5121.
\scr@dte@subparagraph@maxnumwidth=\skip59
Class scrartcl Info: using compatibility default `runin=bysign'
(scrartcl)           for `\subparagraph on input line 5131.
Class scrartcl Info: using compatibility default `afterindent=bysign'
(scrartcl)           for `\subparagraph on input line 5131.
\abovecaptionskip=\skip60
\belowcaptionskip=\skip61
\c@pti@nb@sid@b@x=\box52
Package tocbasic Info: omitting babel extension for `lof'
(tocbasic)             because of feature `nobabel' available
(tocbasic)             for `lof' on input line 6309.
\scr@dte@figure@maxnumwidth=\skip62
\c@figure=\count191
Package tocbasic Info: omitting babel extension for `lot'
(tocbasic)             because of feature `nobabel' available
(tocbasic)             for `lot' on input line 6325.
\scr@dte@table@maxnumwidth=\skip63
\c@table=\count192
Class scrartcl Info: Redefining `\numberline' on input line 6495.
\bibindent=\dimen139
) (/home/tabea/.local/texlive/2023/texmf-dist/tex/latex/geometry/geometry.sty
Package: geometry 2020/01/02 v5.9 Page Geometry
 (/home/tabea/.local/texlive/2023/texmf-dist/tex/generic/iftex/ifvtex.sty
Package: ifvtex 2019/10/25 v1.7 ifvtex legacy package. Use iftex instead.
 (/home/tabea/.local/texlive/2023/texmf-dist/tex/generic/iftex/iftex.sty
Package: iftex 2022/02/03 v1.0f TeX engine tests
))
\Gm@cnth=\count193
\Gm@cntv=\count194
\c@Gm@tempcnt=\count195
\Gm@bindingoffset=\dimen140
\Gm@wd@mp=\dimen141
\Gm@odd@mp=\dimen142
\Gm@even@mp=\dimen143
\Gm@layoutwidth=\dimen144
\Gm@layoutheight=\dimen145
\Gm@layouthoffset=\dimen146
\Gm@layoutvoffset=\dimen147
\Gm@dimlist=\toks18
) (/home/tabea/.local/texlive/2023/texmf-dist/tex/latex/koma-script/scrhack.sty
Package: scrhack 2023/07/07 v3.41 KOMA-Script package (hacking other packages)
 (/home/tabea/.local/texlive/2023/texmf-dist/tex/latex/xpatch/xpatch.sty (/home/tabea/.local/texlive/2023/texmf-dist/tex/latex/l3kernel/expl3.sty
Package: expl3 2023-11-09 L3 programming layer (loader) 
 (/home/tabea/.local/texlive/2023/texmf-dist/tex/latex/l3backend/l3backend-luatex.def
File: l3backend-luatex.def 2023-11-09 L3 backend support: PDF output (LuaTeX)
\l__color_backend_stack_int=\count196
Inserting `l3color' in `luaotfload.parse_color'.
\l__pdf_internal_box=\box53
))
Package: xpatch 2020/03/25 v0.3a Extending etoolbox patching commands
 (/home/tabea/.local/texlive/2023/texmf-dist/tex/latex/l3packages/xparse/xparse.sty
Package: xparse 2023-10-10 L3 Experimental document command parser
) (/home/tabea/.local/texlive/2023/texmf-dist/tex/latex/etoolbox/etoolbox.sty
Package: etoolbox 2020/10/05 v2.5k e-TeX tools for LaTeX (JAW)
\etb@tempcnta=\count197
))) (/home/tabea/.local/texlive/2023/texmf-dist/tex/latex/rerunfilecheck/rerunfilecheck.sty
Package: rerunfilecheck 2022-07-10 v1.10 Rerun checks for auxiliary files (HO)
 (/home/tabea/.local/texlive/2023/texmf-dist/tex/latex/kvoptions/kvoptions.sty
Package: kvoptions 2022-06-15 v3.15 Key value format for package options (HO)
 (/home/tabea/.local/texlive/2023/texmf-dist/tex/generic/ltxcmds/ltxcmds.sty
Package: ltxcmds 2020-05-10 v1.25 LaTeX kernel commands for general use (HO)
) (/home/tabea/.local/texlive/2023/texmf-dist/tex/latex/kvsetkeys/kvsetkeys.sty
Package: kvsetkeys 2022-10-05 v1.19 Key value parser (HO)
)) (/home/tabea/.local/texlive/2023/texmf-dist/tex/generic/infwarerr/infwarerr.sty
Package: infwarerr 2019/12/03 v1.5 Providing info/warning/error messages (HO)
) (/home/tabea/.local/texlive/2023/texmf-dist/tex/generic/pdftexcmds/pdftexcmds.sty
Package: pdftexcmds 2020-06-27 v0.33 Utility functions of pdfTeX for LuaTeX (HO)
Package pdftexcmds Info: \pdf@primitive is available.
Package pdftexcmds Info: \pdf@ifprimitive is available.
Package pdftexcmds Info: \pdfdraftmode found.
\pdftexcmds@toks=\toks19
) (/home/tabea/.local/texlive/2023/texmf-dist/tex/latex/base/atveryend-ltx.sty
Package: atveryend-ltx 2020/08/19 v1.0a Emulation of the original atveryend package
with kernel methods
) (/home/tabea/.local/texlive/2023/texmf-dist/tex/generic/uniquecounter/uniquecounter.sty
Package: uniquecounter 2019/12/15 v1.4 Provide unlimited unique counter (HO)
 (/home/tabea/.local/texlive/2023/texmf-dist/tex/generic/bigintcalc/bigintcalc.sty
Package: bigintcalc 2019/12/15 v1.5 Expandable calculations on big integers (HO)
))
Package uniquecounter Info: New unique counter `rerunfilecheck' on input line 285.
) (/home/tabea/.local/texlive/2023/texmf-dist/tex/latex/amsmath/amsmath.sty
Package: amsmath 2023/05/13 v2.17o AMS math features
\@mathmargin=\skip64

For additional information on amsmath, use the `?' option.
(/home/tabea/.local/texlive/2023/texmf-dist/tex/latex/amsmath/amstext.sty
Package: amstext 2021/08/26 v2.01 AMS text
 (/home/tabea/.local/texlive/2023/texmf-dist/tex/latex/amsmath/amsgen.sty
File: amsgen.sty 1999/11/30 v2.0 generic functions
\@emptytoks=\toks20
\ex@=\dimen148
)) (/home/tabea/.local/texlive/2023/texmf-dist/tex/latex/amsmath/amsbsy.sty
Package: amsbsy 1999/11/29 v1.2d Bold Symbols
\pmbraise@=\dimen149
) (/home/tabea/.local/texlive/2023/texmf-dist/tex/latex/amsmath/amsopn.sty
Package: amsopn 2022/04/08 v2.04 operator names
)
\inf@bad=\count198
LaTeX Info: Redefining \frac on input line 236.
\uproot@=\count199
\leftroot@=\count266
LaTeX Info: Redefining \overline on input line 399.
LaTeX Info: Redefining \colon on input line 410.
\classnum@=\count267
\DOTSCASE@=\count268
LaTeX Info: Redefining \ldots on input line 496.
LaTeX Info: Redefining \dots on input line 499.
LaTeX Info: Redefining \cdots on input line 620.
\Mathstrutbox@=\box54
\strutbox@=\box55
LaTeX Info: Redefining \big on input line 722.
LaTeX Info: Redefining \Big on input line 723.
LaTeX Info: Redefining \bigg on input line 724.
LaTeX Info: Redefining \Bigg on input line 725.
\big@size=\dimen150
LaTeX Font Info:    Redeclaring font encoding OML on input line 743.
LaTeX Font Info:    Redeclaring font encoding OMS on input line 744.
\macc@depth=\count269
LaTeX Info: Redefining \bmod on input line 905.
LaTeX Info: Redefining \pmod on input line 910.
LaTeX Info: Redefining \smash on input line 940.
LaTeX Info: Redefining \relbar on input line 970.
LaTeX Info: Redefining \Relbar on input line 971.
\c@MaxMatrixCols=\count270
\dotsspace@=\muskip16
\c@parentequation=\count271
\dspbrk@lvl=\count272
\tag@help=\toks21
\row@=\count273
\column@=\count274
\maxfields@=\count275
\andhelp@=\toks22
\eqnshift@=\dimen151
\alignsep@=\dimen152
\tagshift@=\dimen153
\tagwidth@=\dimen154
\totwidth@=\dimen155
\lineht@=\dimen156
\@envbody=\toks23
\multlinegap=\skip65
\multlinetaggap=\skip66
\mathdisplay@stack=\toks24
LaTeX Info: Redefining \[ on input line 2953.
LaTeX Info: Redefining \] on input line 2954.
) (/home/tabea/.local/texlive/2023/texmf-dist/tex/latex/amsfonts/amssymb.sty
Package: amssymb 2013/01/14 v3.01 AMS font symbols
 (/home/tabea/.local/texlive/2023/texmf-dist/tex/latex/amsfonts/amsfonts.sty
Package: amsfonts 2013/01/14 v3.01 Basic AMSFonts support
\symAMSa=\mathgroup4
\symAMSb=\mathgroup5
LaTeX Font Info:    Redeclaring math symbol \hbar on input line 98.
LaTeX Font Info:    Overwriting math alphabet `\mathfrak' in version `bold'
(Font)                  U/euf/m/n --> U/euf/b/n on input line 106.
)) (/home/tabea/.local/texlive/2023/texmf-dist/tex/latex/mathtools/mathtools.sty
Package: mathtools 2022/06/29 v1.29 mathematical typesetting tools
 (/home/tabea/.local/texlive/2023/texmf-dist/tex/latex/tools/calc.sty
Package: calc 2023/07/08 v4.3 Infix arithmetic (KKT,FJ)
\calc@Acount=\count276
\calc@Bcount=\count277
\calc@Adimen=\dimen157
\calc@Bdimen=\dimen158
\calc@Askip=\skip67
\calc@Bskip=\skip68
LaTeX Info: Redefining \setlength on input line 80.
LaTeX Info: Redefining \addtolength on input line 81.
\calc@Ccount=\count278
\calc@Cskip=\skip69
) (/home/tabea/.local/texlive/2023/texmf-dist/tex/latex/mathtools/mhsetup.sty
Package: mhsetup 2021/03/18 v1.4 programming setup (MH)
)
\g_MT_multlinerow_int=\count279
\l_MT_multwidth_dim=\dimen159
\origjot=\skip70
\l_MT_shortvdotswithinadjustabove_dim=\dimen160
\l_MT_shortvdotswithinadjustbelow_dim=\dimen161
\l_MT_above_intertext_sep=\dimen162
\l_MT_below_intertext_sep=\dimen163
\l_MT_above_shortintertext_sep=\dimen164
\l_MT_below_shortintertext_sep=\dimen165
\xmathstrut@box=\box56
\xmathstrut@dim=\dimen166
) (/home/tabea/.local/texlive/2023/texmf-dist/tex/latex/psnfss/times.sty
Package: times 2020/03/25 PSNFSS-v9.3 (SPQR) 
)
LaTeX Font Info:    Trying to load font information for TU+ptm on input line 42.
LaTeX Font Info:    No file TUptm.fd. on input line 42.


LaTeX Font Warning: Font shape `TU/ptm/m/n' undefined
(Font)              using `TU/lmr/m/n' instead on input line 42.

Package typearea Info: These are the values describing the layout:
(typearea)             DIV  = 12
(typearea)             BCOR = 0.0pt
(typearea)             \paperwidth      = 597.50793pt
(typearea)              \textwidth      = 448.13095pt
(typearea)              DIV departure   = -6%
(typearea)              \evensidemargin = 2.4185pt
(typearea)              \oddsidemargin  = 2.4185pt
(typearea)             \paperheight     = 845.04694pt
(typearea)              \textheight     = 635.5pt
(typearea)              \topmargin      = -41.72441pt
(typearea)              \headheight     = 18.125pt
(typearea)              \headsep        = 21.75pt
(typearea)              \topskip        = 12.0pt
(typearea)              \footskip       = 50.75pt
(typearea)              \baselineskip   = 14.5pt
(typearea)              on input line 42.
(/home/tabea/.local/texlive/2023/texmf-dist/tex/generic/babel/babel.sty
Package: babel 2023/11/11 v3.97 The Babel package
 (/home/tabea/.local/texlive/2023/texmf-dist/tex/generic/babel/luababel.def
\bbl@readstream=\read2
\l@dumylang=\language2
Package babel Info: Non-standard hyphenation setup on input line 118.
\l@nohyphenation=\language3
\l@vietnamese=\language4
\l@hebrew=\language5
\l@german-x-2023-03-06=\language6
\l@ngerman-x-2023-03-06=\language7
\l@afrikaans=\language8
\l@ancientgreek=\language9
\l@ibycus=\language10
\l@arabic=\language11
\l@armenian=\language12
\l@basque=\language13
\l@belarusian=\language14
\l@bulgarian=\language15
\l@catalan=\language16
\l@pinyin=\language17
\l@churchslavonic=\language18
\l@coptic=\language19
\l@croatian=\language20
\l@czech=\language21
\l@danish=\language22
\l@dutch=\language23
\l@ukenglish=\language24
\l@usenglishmax=\language25
\l@esperanto=\language26
\l@estonian=\language27
\l@ethiopic=\language28
\l@farsi=\language29
\l@finnish=\language30
\l@schoolfinnish=\language31
\l@french=\language32
\l@friulan=\language33
\l@galician=\language34
\l@georgian=\language35
\l@german=\language36
\l@ngerman=\language37
\l@swissgerman=\language38
\l@greek=\language39
\l@monogreek=\language40
\l@hungarian=\language41
\l@icelandic=\language42
\l@assamese=\language43
\l@bengali=\language44
\l@gujarati=\language45
\l@hindi=\language46
\l@kannada=\language47
\l@malayalam=\language48
\l@marathi=\language49
\l@oriya=\language50
\l@pali=\language51
\l@panjabi=\language52
\l@tamil=\language53
\l@telugu=\language54
\l@indonesian=\language55
\l@interlingua=\language56
\l@irish=\language57
\l@italian=\language58
\l@kurmanji=\language59
\l@classiclatin=\language60
\l@latin=\language61
\l@liturgicallatin=\language62
\l@latvian=\language63
\l@lithuanian=\language64
\l@macedonian=\language65
\l@mongolian=\language66
\l@mongolianlmc=\language67
\l@bokmal=\language68
\l@nynorsk=\language69
\l@occitan=\language70
\l@piedmontese=\language71
\l@polish=\language72
\l@portuguese=\language73
\l@romanian=\language74
\l@romansh=\language75
\l@russian=\language76
\l@sanskrit=\language77
\l@serbian=\language78
\l@serbianc=\language79
\l@slovak=\language80
\l@slovenian=\language81
\l@spanish=\language82
\l@swedish=\language83
\l@thai=\language84
\l@turkish=\language85
\l@turkmen=\language86
\l@ukrainian=\language87
\l@uppersorbian=\language88
\l@welsh=\language89
\babelcatcodetablenum=\catcodetable14
\bbl@pattcodes=\catcodetable15
)
\babel@savecnt=\count280
\U@D=\dimen167
\l@unhyphenated=\language90
 (/home/tabea/.local/texlive/2023/texmf-dist/tex/generic/babel/luababel.def
\bbl@attr@locale=\attribute4
) (/home/tabea/.local/texlive/2023/texmf-dist/tex/generic/babel-english/british.ldf
Language: british 2017/06/06 v3.3r English support from the babel system
 (/home/tabea/.local/texlive/2023/texmf-dist/tex/generic/babel-english/english.ldf
Language: english 2017/06/06 v3.3r English support from the babel system
Package babel Info: Hyphen rules for 'canadian' set to \l@english
(babel)             (\language0). Reported on input line 102.
Package babel Info: Hyphen rules for 'australian' set to \l@ukenglish
(babel)             (\language24). Reported on input line 105.
Package babel Info: Hyphen rules for 'newzealand' set to \l@ukenglish
(babel)             (\language24). Reported on input line 108.
 (/home/tabea/.local/texlive/2023/texmf-dist/tex/generic/hyph-utf8/loadhyph/loadhyph-en-gb.tex ASCII Hyphenation patterns for British English (/home/tabea/.local/texlive/2023/texmf-dist/tex/generic/hyph-utf8/patterns/tex/hyph-en-gb.tex))))) (/home/tabea/.local/texlive/2023/texmf-dist/tex/generic/babel/locale/en/babel-british.tex
Package babel Info: Importing font and identification data for british
(babel)             from babel-en-GB.ini. Reported on input line 11.
) (/home/tabea/.local/texlive/2023/texmf-dist/tex/latex/unicode-math/unicode-math.sty
Package: unicode-math 2023/08/13 v0.8r Unicode maths in XeLaTeX and LuaLaTeX
 (/home/tabea/.local/texlive/2023/texmf-dist/tex/latex/unicode-math/unicode-math-luatex.sty
Package: unicode-math-luatex 2023/08/13 v0.8r Unicode maths in XeLaTeX and LuaLaTeX
 (/home/tabea/.local/texlive/2023/texmf-dist/tex/latex/l3packages/l3keys2e/l3keys2e.sty
Package: l3keys2e 2023-10-10 LaTeX2e option processing using LaTeX3 keys
) (/home/tabea/.local/texlive/2023/texmf-dist/tex/latex/fontspec/fontspec.sty
Package: fontspec 2022/01/15 v2.8a Font selection for XeLaTeX and LuaLaTeX
Lua module: fontspec 2022/01/15 2.8a Font selection for XeLaTeX and LuaLaTeX (/home/tabea/.local/texlive/2023/texmf-dist/tex/latex/fontspec/fontspec-luatex.sty
Package: fontspec-luatex 2022/01/15 v2.8a Font selection for XeLaTeX and LuaLaTeX
\l__fontspec_script_int=\count281
\l__fontspec_language_int=\count282
\l__fontspec_strnum_int=\count283
\l__fontspec_tmp_int=\count284
\l__fontspec_tmpa_int=\count285
\l__fontspec_tmpb_int=\count286
\l__fontspec_tmpc_int=\count287
\l__fontspec_em_int=\count288
\l__fontspec_emdef_int=\count289
\l__fontspec_strong_int=\count290
\l__fontspec_strongdef_int=\count291
\l__fontspec_tmpa_dim=\dimen168
\l__fontspec_tmpb_dim=\dimen169
\l__fontspec_tmpc_dim=\dimen170
 (/home/tabea/.local/texlive/2023/texmf-dist/tex/latex/base/fontenc.sty
Package: fontenc 2021/04/29 v2.0v Standard LaTeX package
) (/home/tabea/.local/texlive/2023/texmf-dist/tex/latex/fontspec/fontspec.cfg))) (/home/tabea/.local/texlive/2023/texmf-dist/tex/latex/base/fix-cm.sty
Package: fix-cm 2020/11/24 v1.1t fixes to LaTeX
 (/home/tabea/.local/texlive/2023/texmf-dist/tex/latex/base/ts1enc.def
File: ts1enc.def 2001/06/05 v3.0e (jk/car/fm) Standard LaTeX file
LaTeX Font Info:    Redeclaring font encoding TS1 on input line 47.
)) (/home/tabea/.local/texlive/2023/texmf-dist/tex/lualatex/lualatex-math/lualatex-math.sty
Package: lualatex-math 2022/01/01 v1.12 Patches for mathematics typesetting with LuaLaTeX
Lua module: lualatex-math 2013/08/03 1.3 Patches for mathematics typesetting with LuaLaTeX)
\g__um_fam_int=\count292
\g__um_fonts_used_int=\count293
\l__um_primecount_int=\count294
\g__um_primekern_muskip=\muskip17
 (/home/tabea/.local/texlive/2023/texmf-dist/tex/latex/unicode-math/unicode-math-table.tex)))
luaotfload | cache : Lookup cache loaded from /home/tabea/.local/texlive/2023/texmf-var/luatex-cache/generic/names/luaotfload-lookup-cache.luc.

Package fontspec Info: Could not resolve font "LatinModernMath/B" (it probably
(fontspec)             doesn't exist).


Package fontspec Info: Font family 'LatinModernMath(0)' created for font
(fontspec)             'Latin Modern Math' with options
(fontspec)             [Renderer=Basic,BoldItalicFont={},ItalicFont={},SmallCapsFont={},Script=Math,RawFeature={mathfontdimen=xetex}].
(fontspec)              
(fontspec)              This font family consists of the following NFSS
(fontspec)             series/shapes:
(fontspec)              
(fontspec)             - 'normal' (m/n) with NFSS spec.:
(fontspec)             <->"LatinModernMath:mode=base;script=math;language=dflt;mathfontdimen=xetex;"
(fontspec)             - 'small caps'  (m/sc) with NFSS spec.: 


Package fontspec Info: Could not resolve font "LatinModernMath/B" (it probably
(fontspec)             doesn't exist).


Package fontspec Info: Font family 'LatinModernMath(1)' created for font
(fontspec)             'Latin Modern Math' with options
(fontspec)             [Renderer=Basic,BoldItalicFont={},ItalicFont={},SmallCapsFont={},Script=Math,SizeFeatures={{Size=10.2-},{Size=7.2-10.2,Font=Latin
(fontspec)             Modern Math,Style=MathScript},{Size=-7.2,Font=Latin
(fontspec)             Modern
(fontspec)             Math,Style=MathScriptScript}},RawFeature={mathfontdimen=xetex}].
(fontspec)              
(fontspec)              This font family consists of the following NFSS
(fontspec)             series/shapes:
(fontspec)              
(fontspec)             - 'normal' (m/n) with NFSS spec.:
(fontspec)             <10.2->"LatinModernMath:mode=base;script=math;language=dflt;mathfontdimen=xetex;"<7.2-10.2>"LatinModernMath:mode=base;script=math;language=dflt;mathfontdimen=xetex;+ssty=0;"<-7.2>"LatinModernMath:mode=base;script=math;language=dflt;mathfontdimen=xetex;+ssty=1;"
(fontspec)             - 'small caps'  (m/sc) with NFSS spec.: 

LaTeX Font Info:    Encoding `OT1' has changed to `TU' for symbol font
(Font)              `operators' in the math version `normal' on input line 65.
LaTeX Font Info:    Overwriting symbol font `operators' in version `normal'
(Font)                  OT1/cmr/m/n --> TU/LatinModernMath(1)/m/n on input line 65.
LaTeX Font Info:    Encoding `OT1' has changed to `TU' for symbol font
(Font)              `operators' in the math version `bold' on input line 65.
LaTeX Font Info:    Overwriting symbol font `operators' in version `bold'
(Font)                  OT1/cmr/bx/n --> TU/LatinModernMath(1)/b/n on input line 65.

Package fontspec Info: Could not resolve font "LatinModernMath/B" (it probably
(fontspec)             doesn't exist).


Package fontspec Info: Font family 'LatinModernMath(2)' created for font
(fontspec)             'Latin Modern Math' with options
(fontspec)             [Renderer=Basic,BoldItalicFont={},ItalicFont={},SmallCapsFont={},Script=Math,SizeFeatures={{Size=10.2-},{Size=7.2-10.2,Font=Latin
(fontspec)             Modern Math,Style=MathScript},{Size=-7.2,Font=Latin
(fontspec)             Modern
(fontspec)             Math,Style=MathScriptScript}},RawFeature={mathfontdimen=xetex},RawFeature={mathfontdimen=tex2}].
(fontspec)              
(fontspec)              This font family consists of the following NFSS
(fontspec)             series/shapes:
(fontspec)              
(fontspec)             - 'normal' (m/n) with NFSS spec.:
(fontspec)             <10.2->"LatinModernMath:mode=base;script=math;language=dflt;mathfontdimen=xetex;mathfontdimen=tex2;"<7.2-10.2>"LatinModernMath:mode=base;script=math;language=dflt;mathfontdimen=xetex;mathfontdimen=tex2;+ssty=0;"<-7.2>"LatinModernMath:mode=base;script=math;language=dflt;mathfontdimen=xetex;mathfontdimen=tex2;+ssty=1;"
(fontspec)             - 'small caps'  (m/sc) with NFSS spec.: 

LaTeX Font Info:    Encoding `OMS' has changed to `TU' for symbol font
(Font)              `symbols' in the math version `normal' on input line 65.
LaTeX Font Info:    Overwriting symbol font `symbols' in version `normal'
(Font)                  OMS/cmsy/m/n --> TU/LatinModernMath(2)/m/n on input line 65.
LaTeX Font Info:    Encoding `OMS' has changed to `TU' for symbol font
(Font)              `symbols' in the math version `bold' on input line 65.
LaTeX Font Info:    Overwriting symbol font `symbols' in version `bold'
(Font)                  OMS/cmsy/b/n --> TU/LatinModernMath(2)/b/n on input line 65.

Package fontspec Info: Could not resolve font "LatinModernMath/B" (it probably
(fontspec)             doesn't exist).


Package fontspec Info: Font family 'LatinModernMath(3)' created for font
(fontspec)             'Latin Modern Math' with options
(fontspec)             [Renderer=Basic,BoldItalicFont={},ItalicFont={},SmallCapsFont={},Script=Math,SizeFeatures={{Size=10.2-},{Size=7.2-10.2,Font=Latin
(fontspec)             Modern Math,Style=MathScript},{Size=-7.2,Font=Latin
(fontspec)             Modern
(fontspec)             Math,Style=MathScriptScript}},RawFeature={mathfontdimen=xetex},RawFeature={mathfontdimen=tex3}].
(fontspec)              
(fontspec)              This font family consists of the following NFSS
(fontspec)             series/shapes:
(fontspec)              
(fontspec)             - 'normal' (m/n) with NFSS spec.:
(fontspec)             <10.2->"LatinModernMath:mode=base;script=math;language=dflt;mathfontdimen=xetex;mathfontdimen=tex3;"<7.2-10.2>"LatinModernMath:mode=base;script=math;language=dflt;mathfontdimen=xetex;mathfontdimen=tex3;+ssty=0;"<-7.2>"LatinModernMath:mode=base;script=math;language=dflt;mathfontdimen=xetex;mathfontdimen=tex3;+ssty=1;"
(fontspec)             - 'small caps'  (m/sc) with NFSS spec.: 

LaTeX Font Info:    Encoding `OMX' has changed to `TU' for symbol font
(Font)              `largesymbols' in the math version `normal' on input line 65.
LaTeX Font Info:    Overwriting symbol font `largesymbols' in version `normal'
(Font)                  OMX/cmex/m/n --> TU/LatinModernMath(3)/m/n on input line 65.
LaTeX Font Info:    Encoding `OMX' has changed to `TU' for symbol font
(Font)              `largesymbols' in the math version `bold' on input line 65.
LaTeX Font Info:    Overwriting symbol font `largesymbols' in version `bold'
(Font)                  OMX/cmex/m/n --> TU/LatinModernMath(3)/b/n on input line 65.
LaTeX Font Info:    Trying to load font information for U+msa on input line 65.
 (/home/tabea/.local/texlive/2023/texmf-dist/tex/latex/amsfonts/umsa.fd
File: umsa.fd 2013/01/14 v3.01 AMS symbols A
)
LaTeX Font Info:    Trying to load font information for U+msb on input line 65.
 (/home/tabea/.local/texlive/2023/texmf-dist/tex/latex/amsfonts/umsb.fd
File: umsb.fd 2013/01/14 v3.01 AMS symbols B
)

Package fontspec Info: Font family 'XITSMath(0)' created for font 'XITS Math'
(fontspec)             with options
(fontspec)             [Renderer=Basic,BoldItalicFont={},ItalicFont={},SmallCapsFont={},Script=Math,SizeFeatures={{Size=10.2-},{Size=7.2-10.2,Font=XITS
(fontspec)             Math,Style=MathScript},{Size=-7.2,Font=XITS
(fontspec)             Math,Style=MathScriptScript}},RawFeature={mathfontdimen=xetex}].
(fontspec)              
(fontspec)              This font family consists of the following NFSS
(fontspec)             series/shapes:
(fontspec)              
(fontspec)             - 'normal' (m/n) with NFSS spec.:
(fontspec)             <10.2->"XITSMath:mode=base;script=math;language=dflt;mathfontdimen=xetex;"<7.2-10.2>"XITSMath:mode=base;script=math;language=dflt;mathfontdimen=xetex;+ssty=0;"<-7.2>"XITSMath:mode=base;script=math;language=dflt;mathfontdimen=xetex;+ssty=1;"
(fontspec)             - 'small caps'  (m/sc) with NFSS spec.: 
(fontspec)             - 'bold' (b/n) with NFSS spec.:
(fontspec)             <->"XITSMath/B:mode=base;script=math;language=dflt;mathfontdimen=xetex;"
(fontspec)             - 'bold small caps'  (b/sc) with NFSS spec.: 

\sym__um_fam1=\mathgroup6
LaTeX Font Info:    Overwriting symbol font `__um_fam1' in version `normal'
(Font)                  TU/XITSMath(0)/m/n --> TU/XITSMath(0)/m/n on input line 66.
LaTeX Font Info:    Overwriting symbol font `__um_fam1' in version `bold'
(Font)                  TU/XITSMath(0)/m/n --> TU/XITSMath(0)/b/n on input line 66.

Package fontspec Info: Font family 'XITSMath(1)' created for font 'XITS Math'
(fontspec)             with options
(fontspec)             [Renderer=Basic,BoldItalicFont={},ItalicFont={},SmallCapsFont={},Script=Math,SizeFeatures={{Size=10.2-},{Size=7.2-10.2,Font=XITS
(fontspec)             Math,Style=MathScript},{Size=-7.2,Font=XITS
(fontspec)             Math,Style=MathScriptScript}},RawFeature={mathfontdimen=xetex},StylisticSet={1}].
(fontspec)              
(fontspec)              This font family consists of the following NFSS
(fontspec)             series/shapes:
(fontspec)              
(fontspec)             - 'normal' (m/n) with NFSS spec.:
(fontspec)             <10.2->"XITSMath:mode=base;script=math;language=dflt;mathfontdimen=xetex;+ss01;"<7.2-10.2>"XITSMath:mode=base;script=math;language=dflt;mathfontdimen=xetex;+ss01;+ssty=0;"<-7.2>"XITSMath:mode=base;script=math;language=dflt;mathfontdimen=xetex;+ss01;+ssty=1;"
(fontspec)             - 'small caps'  (m/sc) with NFSS spec.: 
(fontspec)             - 'bold' (b/n) with NFSS spec.:
(fontspec)             <->"XITSMath/B:mode=base;script=math;language=dflt;mathfontdimen=xetex;+ss01;"
(fontspec)             - 'bold small caps'  (b/sc) with NFSS spec.: 

\sym__um_fam2=\mathgroup7
LaTeX Font Info:    Overwriting symbol font `__um_fam2' in version `normal'
(Font)                  TU/XITSMath(1)/m/n --> TU/XITSMath(1)/m/n on input line 67.
LaTeX Font Info:    Overwriting symbol font `__um_fam2' in version `bold'
(Font)                  TU/XITSMath(1)/m/n --> TU/XITSMath(1)/b/n on input line 67.
 (/home/tabea/.local/texlive/2023/texmf-dist/tex/latex/siunitx/siunitx.sty
Package: siunitx 2023-11-14 v3.3.9 A comprehensive (SI) units package
\l__siunitx_number_uncert_offset_int=\count295
\l__siunitx_number_exponent_fixed_int=\count296
\l__siunitx_number_min_decimal_int=\count297
\l__siunitx_number_min_integer_int=\count298
\l__siunitx_number_round_precision_int=\count299
\l__siunitx_number_lower_threshold_int=\count300
\l__siunitx_number_upper_threshold_int=\count301
\l__siunitx_number_group_first_int=\count302
\l__siunitx_number_group_size_int=\count303
\l__siunitx_number_group_minimum_int=\count304
\l__siunitx_angle_tmp_dim=\dimen171
\l__siunitx_angle_marker_box=\box57
\l__siunitx_angle_unit_box=\box58
\l__siunitx_compound_count_int=\count305
 (/home/tabea/.local/texlive/2023/texmf-dist/tex/latex/translations/translations.sty
Package: translations 2022/02/05 v1.12 internationalization of LaTeX2e packages (CN)
)
\l__siunitx_table_tmp_box=\box59
\l__siunitx_table_tmp_dim=\dimen172
\l__siunitx_table_column_width_dim=\dimen173
\l__siunitx_table_integer_box=\box60
\l__siunitx_table_decimal_box=\box61
\l__siunitx_table_uncert_box=\box62
\l__siunitx_table_before_box=\box63
\l__siunitx_table_after_box=\box64
\l__siunitx_table_before_dim=\dimen174
\l__siunitx_table_carry_dim=\dimen175
\l__siunitx_unit_tmp_int=\count306
\l__siunitx_unit_position_int=\count307
\l__siunitx_unit_total_int=\count308

Package siunitx Info: Option "separate-uncertainty" has been deprecated in
(siunitx)             this release.
(siunitx)             
(siunitx)             Use "uncertainty-mode = separate" as a replacement.


Package siunitx Info: Option "per-mode = symbol-or-fraction" has been
(siunitx)             deprecated in this release.
(siunitx)             
(siunitx)             Use "display-per-mode = fraction, inline-per-mode =
(siunitx)             symbol" as a replacement.


Package siunitx Info: Option "per-mode = symbol-or-fraction" has been
(siunitx)             deprecated in this release.
(siunitx)             
(siunitx)             Use "display-per-mode = fraction, inline-per-mode =
(siunitx)             symbol" as a replacement.

 (/home/tabea/.local/texlive/2023/texmf-dist/tex/latex/tools/array.sty
Package: array 2023/10/16 v2.5g Tabular extension package (FMi)
\col@sep=\dimen176
\ar@mcellbox=\box65
\extrarowheight=\dimen177
\NC@list=\toks25
\extratabsurround=\skip71
\backup@length=\skip72
\ar@cellbox=\box66
)) (/home/tabea/.local/texlive/2023/texmf-dist/tex/latex/mhchem/mhchem.sty
Package: mhchem 2021/12/31 v4.09 for typesetting chemical formulae
 (/home/tabea/.local/texlive/2023/texmf-dist/tex/latex/chemgreek/chemgreek.sty
Package: chemgreek 2020/01/16 v1.1a interface for upright Greek letters for use in chemistry (CN)
\l__chemgreek_tmpa_int=\count309
\g__chemgreek_tmpa_int=\count310
) (/home/tabea/.local/texlive/2023/texmf-dist/tex/latex/graphics/graphics.sty
Package: graphics 2022/03/10 v1.4e Standard LaTeX Graphics (DPC,SPQR)
 (/home/tabea/.local/texlive/2023/texmf-dist/tex/latex/graphics/trig.sty
Package: trig 2021/08/11 v1.11 sin cos tan (DPC)
) (/home/tabea/.local/texlive/2023/texmf-dist/tex/latex/graphics-cfg/graphics.cfg
File: graphics.cfg 2016/06/04 v1.11 sample graphics configuration
)
Package graphics Info: Driver file: luatex.def on input line 107.
 (/home/tabea/.local/texlive/2023/texmf-dist/tex/latex/graphics-def/luatex.def
File: luatex.def 2022/09/22 v1.2d Graphics/color driver for luatex
))
\l__mhchem_ce_distanceFromLastComma_int=\count311
\__mhchem_arrow_extPgfLength_skip=\skip73
\mhchem@minispace@tmp=\skip74
\mhchem@minibackspace@tmp=\skip75
\mhchem@bondwidth=\skip76
\mhchem@bondheight=\skip77
\mhchem@smallbondwidth@tmpA=\skip78
\mhchem@smallbondwidth@tmpB=\skip79
\mhchem@smallbondwidth=\skip80
\mhchem@bondtmp@minussidebearingleft=\skip81
\mhchem@bondtmp@minussidebearingright=\skip82
\l__mhchem_option_version_int=\count312
\mhchem@option@minusmathsidebearingleft=\dimen178
\mhchem@option@minusmathsidebearingright=\dimen179
\mhchem@option@minustextsidebearingleft=\dimen180
\mhchem@option@minustextsidebearingright=\dimen181
) (/home/tabea/.local/texlive/2023/texmf-dist/tex/latex/csquotes/csquotes.sty
Package: csquotes 2022-09-14 v5.2n context-sensitive quotations (JAW)
\csq@reset=\count313
\csq@gtype=\count314
\csq@glevel=\count315
\csq@qlevel=\count316
\csq@maxlvl=\count317
\csq@tshold=\count318
\csq@ltx@everypar=\toks26
 (/home/tabea/.local/texlive/2023/texmf-dist/tex/latex/csquotes/csquotes.def
File: csquotes.def 2022-09-14 v5.2n csquotes generic definitions (JAW)
)
Package csquotes Info: Trying to load configuration file 'csquotes.cfg'...
Package csquotes Info: ... configuration file loaded successfully.
 (/home/tabea/.local/texlive/2023/texmf-dist/tex/latex/csquotes/csquotes.cfg
File: csquotes.cfg 
)
Package csquotes Info: Enabling multilingual quotes.
) (/home/tabea/.local/texlive/2023/texmf-dist/tex/latex/l3packages/xfrac/xfrac.sty (/home/tabea/.local/texlive/2023/texmf-dist/tex/latex/graphics/graphicx.sty
Package: graphicx 2021/09/16 v1.2d Enhanced LaTeX Graphics (DPC,SPQR)
\Gin@req@height=\dimen182
\Gin@req@width=\dimen183
) (/home/tabea/.local/texlive/2023/texmf-dist/tex/latex/base/textcomp.sty
Package: textcomp 2020/02/02 v2.0n Standard LaTeX package
) (/home/tabea/.local/texlive/2023/texmf-dist/tex/latex/l3packages/xtemplate/xtemplate.sty
Package: xtemplate 2023-10-10 L3 Experimental prototype document functions
\l__xtemplate_tmp_dim=\dimen184
\l__xtemplate_tmp_int=\count319
\l__xtemplate_tmp_muskip=\muskip18
\l__xtemplate_tmp_skip=\skip83
)
Package: xfrac 2023-10-10 L3 Experimental split-level fractions
\l__xfrac_slash_box=\box67
\l__xfrac_tmp_box=\box68
\l__xfrac_denominator_bot_sep_dim=\dimen185
\l__xfrac_numerator_bot_sep_dim=\dimen186
\l__xfrac_numerator_top_sep_dim=\dimen187
\l__xfrac_slash_left_sep_dim=\dimen188
\l__xfrac_slash_right_sep_dim=\dimen189
\l__xfrac_slash_left_muskip=\muskip19
\l__xfrac_slash_right_muskip=\muskip20

Package xtemplate Info: Declaring object type 'xfrac' taking 3 argument(s) on
(xtemplate)             line 80.

) (/home/tabea/.local/texlive/2023/texmf-dist/tex/latex/float/float.sty
Package: float 2001/11/08 v1.3d Float enhancements (AL)
\c@float@type=\count320
\float@exts=\toks27
\float@box=\box69
\@float@everytoks=\toks28
\@floatcapt=\box70
)
Package scrhack Info: loading float hack on input line 91.
 (/home/tabea/.local/texlive/2023/texmf-dist/tex/latex/koma-script/float.hak
File: float.hak 2023/07/07 v3.41 KOMA-Script scrhack part (hacking package float)
Package scrhack Info: redefining \newfloat on input line 163.
Package scrhack Info: redefining \listof on input line 163.
Package scrhack Info: undefining \float@addtolists on input line 163.
) (/home/tabea/.local/texlive/2023/texmf-dist/tex/latex/placeins/placeins.sty
Package: placeins 2005/04/18  v 2.2
) (/home/tabea/.local/texlive/2023/texmf-dist/tex/latex/pdflscape/pdflscape.sty
Package: pdflscape 2022-10-27 v0.13 Display of landscape pages in PDF
 (/home/tabea/.local/texlive/2023/texmf-dist/tex/latex/pdflscape/pdflscape-nometadata.sty
Package: pdflscape-nometadata 2022-10-28 v0.13 Display of landscape pages in PDF (HO)
 (/home/tabea/.local/texlive/2023/texmf-dist/tex/latex/graphics/lscape.sty
Package: lscape 2020/05/28 v3.02 Landscape Pages (DPC)
)
Package scrhack Info: loading lscape hack on input line 77.
 (/home/tabea/.local/texlive/2023/texmf-dist/tex/latex/koma-script/lscape.hak
File: lscape.hak 2023/07/07 v3.41 KOMA-Script scrhack part (hacking package lscape)
Package scrhack Info: \landscape patched to make \textheight change optional on input line 90.
\scrh@LT@textheight=\skip84
)
Package pdflscape Info: Auto-detected driver: pdftex on input line 81.
)) (/home/tabea/.local/texlive/2023/texmf-dist/tex/latex/caption/caption.sty
Package: caption 2023/08/05 v3.6o Customizing captions (AR)
 (/home/tabea/.local/texlive/2023/texmf-dist/tex/latex/caption/caption3.sty
Package: caption3 2023/07/31 v2.4d caption3 kernel (AR)
\caption@tempdima=\dimen190
\captionmargin=\dimen191
\caption@leftmargin=\dimen192
\caption@rightmargin=\dimen193
\caption@width=\dimen194
\caption@indent=\dimen195
\caption@parindent=\dimen196
\caption@hangindent=\dimen197
Package caption Info: KOMA-Script document class detected.
 (/home/tabea/.local/texlive/2023/texmf-dist/tex/latex/caption/caption-koma.sto
File: caption-koma.sto 2023/09/08 v2.0e Adaption of the caption package to the KOMA-Script document classes (AR)
))
\c@caption@flags=\count321
\c@continuedfloat=\count322
Package caption Info: float package is loaded.
Package caption Info: KOMA-Script scrextend package detected.
\caption@addmargin@hsize=\dimen198
\caption@addmargin@linewidth=\dimen199
) (/home/tabea/.local/texlive/2023/texmf-dist/tex/latex/caption/subcaption.sty
Package: subcaption 2023/07/28 v1.6b Sub-captions (AR)
Package caption Info: New subtype `subfigure' on input line 238.
\c@subfigure=\count323
Package caption Info: New subtype `subtable' on input line 238.
\c@subtable=\count324
) (/home/tabea/.local/texlive/2023/texmf-dist/tex/latex/pdfpages/pdfpages.sty
Package: pdfpages 2022/12/19 v0.5x Insert pages of external PDF documents (AM)
 (/home/tabea/.local/texlive/2023/texmf-dist/tex/latex/base/ifthen.sty
Package: ifthen 2022/04/13 v1.1d Standard LaTeX ifthen package (DPC)
) (/home/tabea/.local/texlive/2023/texmf-dist/tex/latex/eso-pic/eso-pic.sty
Package: eso-pic 2023/05/03 v3.0c eso-pic (RN)
\ESO@tempdima=\dimen256
\ESO@tempdimb=\dimen257
 (/home/tabea/.local/texlive/2023/texmf-dist/tex/latex/xcolor/xcolor.sty
Package: xcolor 2023/11/15 v3.01 LaTeX color extensions (UK)
 (/home/tabea/.local/texlive/2023/texmf-dist/tex/latex/graphics-cfg/color.cfg
File: color.cfg 2016/01/02 v1.6 sample color configuration
)
Package xcolor Info: Driver file: luatex.def on input line 274.
 (/home/tabea/.local/texlive/2023/texmf-dist/tex/latex/graphics/mathcolor.ltx)
Package xcolor Info: Model `cmy' substituted by `cmy0' on input line 1350.
Package xcolor Info: Model `hsb' substituted by `rgb' on input line 1354.
Package xcolor Info: Model `RGB' extended on input line 1366.
Package xcolor Info: Model `HTML' substituted by `rgb' on input line 1368.
Package xcolor Info: Model `Hsb' substituted by `hsb' on input line 1369.
Package xcolor Info: Model `tHsb' substituted by `hsb' on input line 1370.
Package xcolor Info: Model `HSB' substituted by `hsb' on input line 1371.
Package xcolor Info: Model `Gray' substituted by `gray' on input line 1372.
Package xcolor Info: Model `wave' substituted by `hsb' on input line 1373.
))
\AM@pagewidth=\dimen258
\AM@pageheight=\dimen259
\AM@fboxrule=\dimen260
 (/home/tabea/.local/texlive/2023/texmf-dist/tex/latex/pdfpages/ppluatex.def
File: ppluatex.def 2022/12/19 v0.5x Pdfpages driver for LuaTeX (AM)
)
\pdfpages@includegraphics@status=\count325
\AM@pagebox=\box71
\AM@global@opts=\toks29
\AM@pagecnt=\count326
\AM@toc@title=\toks30
\AM@lof@heading=\toks31
\c@AM@survey=\count327
\AM@templatesizebox=\box72
) (/home/tabea/.local/texlive/2023/texmf-dist/tex/latex/booktabs/booktabs.sty
Package: booktabs 2020/01/12 v1.61803398 Publication quality tables
\heavyrulewidth=\dimen261
\lightrulewidth=\dimen262
\cmidrulewidth=\dimen263
\belowrulesep=\dimen264
\belowbottomsep=\dimen265
\aboverulesep=\dimen266
\abovetopsep=\dimen267
\cmidrulesep=\dimen268
\cmidrulekern=\dimen269
\defaultaddspace=\dimen270
\@cmidla=\count328
\@cmidlb=\count329
\@aboverulesep=\dimen271
\@belowrulesep=\dimen272
\@thisruleclass=\count330
\@lastruleclass=\count331
\@thisrulewidth=\dimen273
) (/home/tabea/.local/texlive/2023/texmf-dist/tex/latex/multirow/multirow.sty
Package: multirow 2021/03/15 v2.8 Span multiple rows of a table
\multirow@colwidth=\skip85
\multirow@cntb=\count332
\multirow@dima=\skip86
\bigstrutjot=\dimen274
) (/home/tabea/.local/texlive/2023/texmf-dist/tex/latex/colortbl/colortbl.sty
Package: colortbl 2022/06/20 v1.0f Color table columns (DPC)
\everycr=\toks32
\minrowclearance=\skip87
\rownum=\count333
) (/home/tabea/.local/texlive/2023/texmf-dist/tex/latex/microtype/microtype.sty
Package: microtype 2023/03/13 v3.1a Micro-typographical refinements (RS)
\MT@toks=\toks33
\MT@tempbox=\box73
\MT@count=\count334
LaTeX Info: Redefining \noprotrusionifhmode on input line 1059.
LaTeX Info: Redefining \leftprotrusion on input line 1060.
\MT@prot@toks=\toks34
LaTeX Info: Redefining \rightprotrusion on input line 1078.
LaTeX Info: Redefining \textls on input line 1368.
\MT@outer@kern=\dimen275
LaTeX Info: Redefining \textmicrotypecontext on input line 1988.
\MT@listname@count=\count335
 (/home/tabea/.local/texlive/2023/texmf-dist/tex/latex/microtype/microtype-luatex.def
File: microtype-luatex.def 2023/03/13 v3.1a Definitions specific to luatex (RS)
Lua module: microtype 2023/03/13 3.1a microtype module.
Module microtype Info: overwriting function `keepligature' on input line 63
LaTeX Info: Redefining \lsstyle on input line 688.
LaTeX Info: Redefining \lslig on input line 688.
\MT@outer@space=\skip88
)
Package microtype Info: Loading configuration file microtype.cfg.
 (/home/tabea/.local/texlive/2023/texmf-dist/tex/latex/microtype/microtype.cfg
File: microtype.cfg 2023/03/13 v3.1a microtype main configuration file (RS)
)) (/home/tabea/.local/texlive/2023/texmf-dist/tex/latex/biblatex/biblatex.sty
Package: biblatex 2023/03/05 v3.19 programmable bibliographies (PK/MW)
 (/home/tabea/.local/texlive/2023/texmf-dist/tex/latex/logreq/logreq.sty
Package: logreq 2010/08/04 v1.0 xml request logger
\lrq@indent=\count336
 (/home/tabea/.local/texlive/2023/texmf-dist/tex/latex/logreq/logreq.def
File: logreq.def 2010/08/04 v1.0 logreq spec v1.0
)) (/home/tabea/.local/texlive/2023/texmf-dist/tex/latex/url/url.sty
\Urlmuskip=\muskip21
Package: url 2013/09/16  ver 3.4  Verb mode for urls, etc.
)
\c@tabx@nest=\count337
\c@listtotal=\count338
\c@listcount=\count339
\c@liststart=\count340
\c@liststop=\count341
\c@citecount=\count342
\c@citetotal=\count343
\c@multicitecount=\count344
\c@multicitetotal=\count345
\c@instcount=\count346
\c@maxnames=\count347
\c@minnames=\count348
\c@maxitems=\count349
\c@minitems=\count350
\c@citecounter=\count351
\c@maxcitecounter=\count352
\c@savedcitecounter=\count353
\c@uniquelist=\count354
\c@uniquename=\count355
\c@refsection=\count356
\c@refsegment=\count357
\c@maxextratitle=\count358
\c@maxextratitleyear=\count359
\c@maxextraname=\count360
\c@maxextradate=\count361
\c@maxextraalpha=\count362
\c@abbrvpenalty=\count363
\c@highnamepenalty=\count364
\c@lownamepenalty=\count365
\c@maxparens=\count366
\c@parenlevel=\count367
\blx@tempcnta=\count368
\blx@tempcntb=\count369
\blx@tempcntc=\count370
\c@blx@maxsection=\count371
\blx@maxsegment@0=\count372
\blx@notetype=\count373
\blx@parenlevel@text=\count374
\blx@parenlevel@foot=\count375
\blx@sectionciteorder@0=\count376
\blx@sectionciteorderinternal@0=\count377
\blx@entrysetcounter=\count378
\blx@biblioinstance=\count379
\labelnumberwidth=\skip89
\labelalphawidth=\skip90
\biblabelsep=\skip91
\bibitemsep=\skip92
\bibnamesep=\skip93
\bibinitsep=\skip94
\bibparsep=\skip95
\bibhang=\skip96
\blx@bcfin=\read3
\blx@bcfout=\write3
\blx@langwohyphens=\language91
\c@mincomprange=\count380
\c@maxcomprange=\count381
\c@mincompwidth=\count382
Package biblatex Info: Trying to load biblatex default data model...
Package biblatex Info: ... file 'blx-dm.def' found.
 (/home/tabea/.local/texlive/2023/texmf-dist/tex/latex/biblatex/blx-dm.def
File: blx-dm.def 2023/03/05 v3.19 biblatex localization (PK/MW)
)
Package biblatex Info: Trying to load biblatex custom data model...
Package biblatex Info: ... file 'biblatex-dm.cfg' not found.
\c@afterword=\count383
\c@savedafterword=\count384
\c@annotator=\count385
\c@savedannotator=\count386
\c@author=\count387
\c@savedauthor=\count388
\c@bookauthor=\count389
\c@savedbookauthor=\count390
\c@commentator=\count391
\c@savedcommentator=\count392
\c@editor=\count393
\c@savededitor=\count394
\c@editora=\count395
\c@savededitora=\count396
\c@editorb=\count397
\c@savededitorb=\count398
\c@editorc=\count399
\c@savededitorc=\count400
\c@foreword=\count401
\c@savedforeword=\count402
\c@holder=\count403
\c@savedholder=\count404
\c@introduction=\count405
\c@savedintroduction=\count406
\c@namea=\count407
\c@savednamea=\count408
\c@nameb=\count409
\c@savednameb=\count410
\c@namec=\count411
\c@savednamec=\count412
\c@translator=\count413
\c@savedtranslator=\count414
\c@shortauthor=\count415
\c@savedshortauthor=\count416
\c@shorteditor=\count417
\c@savedshorteditor=\count418
\c@labelname=\count419
\c@savedlabelname=\count420
\c@institution=\count421
\c@savedinstitution=\count422
\c@lista=\count423
\c@savedlista=\count424
\c@listb=\count425
\c@savedlistb=\count426
\c@listc=\count427
\c@savedlistc=\count428
\c@listd=\count429
\c@savedlistd=\count430
\c@liste=\count431
\c@savedliste=\count432
\c@listf=\count433
\c@savedlistf=\count434
\c@location=\count435
\c@savedlocation=\count436
\c@organization=\count437
\c@savedorganization=\count438
\c@origlocation=\count439
\c@savedoriglocation=\count440
\c@origpublisher=\count441
\c@savedorigpublisher=\count442
\c@publisher=\count443
\c@savedpublisher=\count444
\c@language=\count445
\c@savedlanguage=\count446
\c@origlanguage=\count447
\c@savedoriglanguage=\count448
\c@pageref=\count449
\c@savedpageref=\count450
\shorthandwidth=\skip97
\shortjournalwidth=\skip98
\shortserieswidth=\skip99
\shorttitlewidth=\skip100
\shortauthorwidth=\skip101
\shorteditorwidth=\skip102
\locallabelnumberwidth=\skip103
\locallabelalphawidth=\skip104
\localshorthandwidth=\skip105
\localshortjournalwidth=\skip106
\localshortserieswidth=\skip107
\localshorttitlewidth=\skip108
\localshortauthorwidth=\skip109
\localshorteditorwidth=\skip110
Package biblatex Info: Trying to load enhanced support for Unicode engines...
Package biblatex Info: ... file 'blx-unicode.def' found.
 (/home/tabea/.local/texlive/2023/texmf-dist/tex/latex/biblatex/blx-unicode.def)
Package biblatex Info: Trying to load compatibility code...
Package biblatex Info: ... file 'blx-compat.def' found.
 (/home/tabea/.local/texlive/2023/texmf-dist/tex/latex/biblatex/blx-compat.def
File: blx-compat.def 2023/03/05 v3.19 biblatex compatibility (PK/MW)
)
Package biblatex Info: Trying to load generic definitions...
Package biblatex Info: ... file 'biblatex.def' found.
 (/home/tabea/.local/texlive/2023/texmf-dist/tex/latex/biblatex/biblatex.def
File: biblatex.def 2023/03/05 v3.19 biblatex compatibility (PK/MW)
\c@textcitecount=\count451
\c@textcitetotal=\count452
\c@textcitemaxnames=\count453
\c@biburlbigbreakpenalty=\count454
\c@biburlbreakpenalty=\count455
\c@biburlnumpenalty=\count456
\c@biburlucpenalty=\count457
\c@biburllcpenalty=\count458
\biburlbigskip=\muskip22
\biburlnumskip=\muskip23
\biburlucskip=\muskip24
\biburllcskip=\muskip25
\c@smartand=\count459
)
Package biblatex Info: Trying to load bibliography style 'numeric'...
Package biblatex Info: ... file 'numeric.bbx' found.
 (/home/tabea/.local/texlive/2023/texmf-dist/tex/latex/biblatex/bbx/numeric.bbx
File: numeric.bbx 2023/03/05 v3.19 biblatex bibliography style (PK/MW)
Package biblatex Info: Trying to load bibliography style 'standard'...
Package biblatex Info: ... file 'standard.bbx' found.
 (/home/tabea/.local/texlive/2023/texmf-dist/tex/latex/biblatex/bbx/standard.bbx
File: standard.bbx 2023/03/05 v3.19 biblatex bibliography style (PK/MW)
\c@bbx:relatedcount=\count460
\c@bbx:relatedtotal=\count461
))
Package biblatex Info: Trying to load citation style 'numeric'...
Package biblatex Info: ... file 'numeric.cbx' found.
 (/home/tabea/.local/texlive/2023/texmf-dist/tex/latex/biblatex/cbx/numeric.cbx
File: numeric.cbx 2023/03/05 v3.19 biblatex citation style (PK/MW)
Package biblatex Info: Redefining '\cite'.
Package biblatex Info: Redefining '\parencite'.
Package biblatex Info: Redefining '\footcite'.
Package biblatex Info: Redefining '\footcitetext'.
Package biblatex Info: Redefining '\smartcite'.
Package biblatex Info: Redefining '\supercite'.
Package biblatex Info: Redefining '\textcite'.
Package biblatex Info: Redefining '\textcites'.
Package biblatex Info: Redefining '\cites'.
Package biblatex Info: Redefining '\parencites'.
Package biblatex Info: Redefining '\smartcites'.
)
Package biblatex Info: Trying to load configuration file...
Package biblatex Info: ... file 'biblatex.cfg' found.
 (/home/tabea/.local/texlive/2023/texmf-dist/tex/latex/biblatex/biblatex.cfg
File: biblatex.cfg 
)
Package biblatex Info: LuaTeX detected.
(biblatex)             Assuming input encoding 'utf8'.
Package biblatex Info: Document encoding is UTF8 ....
Package biblatex Info: ... and expl3
(biblatex)             2023-11-09 L3 programming layer (loader) 
(biblatex)             is new enough (at least 2020/04/06),
(biblatex)             setting 'casechanger=expl3'.
 (/home/tabea/.local/texlive/2023/texmf-dist/tex/latex/biblatex/blx-case-expl3.sty
Package: blx-case-expl3 2023/03/05 v3.19 expl3 case changing code for biblatex
))
Package scrhack Info: hyperref hack deactivated because of
(scrhack)             detection of KOMA-Script class, that doesn't
(scrhack)             need that hack, on input line 144.
 (/home/tabea/.local/texlive/2023/texmf-dist/tex/latex/hyperref/hyperref.sty
Package: hyperref 2023-11-09 v7.01f Hypertext links for LaTeX
 (/home/tabea/.local/texlive/2023/texmf-dist/tex/generic/kvdefinekeys/kvdefinekeys.sty
Package: kvdefinekeys 2019-12-19 v1.6 Define keys (HO)
) (/home/tabea/.local/texlive/2023/texmf-dist/tex/generic/pdfescape/pdfescape.sty
Package: pdfescape 2019/12/09 v1.15 Implements pdfTeX's escape features (HO)
) (/home/tabea/.local/texlive/2023/texmf-dist/tex/latex/hycolor/hycolor.sty
Package: hycolor 2020-01-27 v1.10 Color options for hyperref/bookmark (HO)
) (/home/tabea/.local/texlive/2023/texmf-dist/tex/latex/letltxmacro/letltxmacro.sty
Package: letltxmacro 2019/12/03 v1.6 Let assignment for LaTeX macros (HO)
) (/home/tabea/.local/texlive/2023/texmf-dist/tex/latex/auxhook/auxhook.sty
Package: auxhook 2019-12-17 v1.6 Hooks for auxiliary files (HO)
) (/home/tabea/.local/texlive/2023/texmf-dist/tex/latex/hyperref/nameref.sty
Package: nameref 2023-11-09 v2.55 Cross-referencing by name of section
 (/home/tabea/.local/texlive/2023/texmf-dist/tex/latex/refcount/refcount.sty
Package: refcount 2019/12/15 v3.6 Data extraction from label references (HO)
) (/home/tabea/.local/texlive/2023/texmf-dist/tex/generic/gettitlestring/gettitlestring.sty
Package: gettitlestring 2019/12/15 v1.6 Cleanup title references (HO)
)
\c@section@level=\count462
)
\@linkdim=\dimen276
\Hy@linkcounter=\count463
\Hy@pagecounter=\count464
 (/home/tabea/.local/texlive/2023/texmf-dist/tex/latex/hyperref/pd1enc.def
File: pd1enc.def 2023-11-09 v7.01f Hyperref: PDFDocEncoding definition (HO)
) (/home/tabea/.local/texlive/2023/texmf-dist/tex/generic/intcalc/intcalc.sty
Package: intcalc 2019/12/15 v1.3 Expandable calculations with integers (HO)
)
\Hy@SavedSpaceFactor=\count465
 (/home/tabea/.local/texlive/2023/texmf-dist/tex/latex/hyperref/puenc.def
File: puenc.def 2023-11-09 v7.01f Hyperref: PDF Unicode definition (HO)
)
Package hyperref Info: Option `unicode' set `true' on input line 4054.
Package hyperref Info: Option `pdfusetitle' set `true' on input line 4054.
Package hyperref Info: Hyper figures OFF on input line 4171.
Package hyperref Info: Link nesting OFF on input line 4176.
Package hyperref Info: Hyper index ON on input line 4179.
Package hyperref Info: Plain pages OFF on input line 4186.
Package hyperref Info: Backreferencing OFF on input line 4191.
Package hyperref Info: Implicit mode ON; LaTeX internals redefined.
Package hyperref Info: Bookmarks ON on input line 4438.
\c@Hy@tempcnt=\count466
LaTeX Info: Redefining \url on input line 4776.
\XeTeXLinkMargin=\dimen277
 (/home/tabea/.local/texlive/2023/texmf-dist/tex/generic/bitset/bitset.sty
Package: bitset 2019/12/09 v1.3 Handle bit-vector datatype (HO)
)
\Fld@menulength=\count467
\Field@Width=\dimen278
\Fld@charsize=\dimen279
Package hyperref Info: Hyper figures OFF on input line 6055.
Package hyperref Info: Link nesting OFF on input line 6060.
Package hyperref Info: Hyper index ON on input line 6063.
Package hyperref Info: backreferencing OFF on input line 6070.
Package hyperref Info: Link coloring OFF on input line 6075.
Package hyperref Info: Link coloring with OCG OFF on input line 6080.
Package hyperref Info: PDF/A mode OFF on input line 6085.
 (/home/tabea/.local/texlive/2023/texmf-dist/tex/latex/base/atbegshi-ltx.sty
Package: atbegshi-ltx 2021/01/10 v1.0c Emulation of the original atbegshi
package with kernel methods
)
\Hy@abspage=\count468
\c@Item=\count469
\c@Hfootnote=\count470
)
Package hyperref Info: Driver (autodetected): hluatex.
 (/home/tabea/.local/texlive/2023/texmf-dist/tex/latex/hyperref/hluatex.def
File: hluatex.def 2023-11-09 v7.01f Hyperref driver for luaTeX
 (/home/tabea/.local/texlive/2023/texmf-dist/tex/generic/stringenc/stringenc.sty
Package: stringenc 2019/11/29 v1.12 Convert strings between diff. encodings (HO)
)
\Fld@listcount=\count471
\c@bookmark@seq@number=\count472
\Hy@SectionHShift=\skip111
) (/home/tabea/.local/texlive/2023/texmf-dist/tex/latex/bookmark/bookmark.sty
Package: bookmark 2020-11-06 v1.29 PDF bookmarks (HO)
 (/home/tabea/.local/texlive/2023/texmf-dist/tex/latex/bookmark/bkm-pdftex.def
File: bkm-pdftex.def 2020-11-06 v1.29 bookmark driver for pdfTeX (HO)
\BKM@id=\count473
)) (/home/tabea/.local/texlive/2023/texmf-dist/tex/latex/ncctools/extdash.sty
Package: extdash 2018/06/24 v1.3 Extended Dash Package (NCC)
)) (/home/tabea/.local/texlive/2023/texmf-dist/tex/latex/titlepic/titlepic.sty
Package: titlepic 2017/03/14 1.2 Package to display a picture on the title page
)
Package csquotes Info: Checking for multilingual support...
Package csquotes Info: ... found 'babel' package.
 (./build/Report.aux

LaTeX Warning: Label `tab:Metrics' multiply defined.


LaTeX Warning: Label `fig:Bike_Tables_raw' multiply defined.


LaTeX Warning: Label `fig:' multiply defined.


LaTeX Warning: Label `fig:' multiply defined.


LaTeX Warning: Label `fig:' multiply defined.


LaTeX Warning: Label `fig:' multiply defined.


LaTeX Warning: Label `fig:' multiply defined.


LaTeX Warning: Label `fig:' multiply defined.


LaTeX Warning: Label `fig:' multiply defined.


LaTeX Warning: Label `fig:' multiply defined.


LaTeX Warning: Label `fig:' multiply defined.

)
\openout1 = Report.aux

LaTeX Font Info:    Checking defaults for OML/cmm/m/it on input line 13.
LaTeX Font Info:    ... okay on input line 13.
LaTeX Font Info:    Checking defaults for OMS/cmsy/m/n on input line 13.
LaTeX Font Info:    ... okay on input line 13.
LaTeX Font Info:    Checking defaults for OT1/cmr/m/n on input line 13.
LaTeX Font Info:    ... okay on input line 13.
LaTeX Font Info:    Checking defaults for T1/cmr/m/n on input line 13.
LaTeX Font Info:    ... okay on input line 13.
LaTeX Font Info:    Checking defaults for TS1/cmr/m/n on input line 13.
LaTeX Font Info:    ... okay on input line 13.
LaTeX Font Info:    Checking defaults for TU/lmr/m/n on input line 13.
LaTeX Font Info:    ... okay on input line 13.
LaTeX Font Info:    Checking defaults for OMX/cmex/m/n on input line 13.
LaTeX Font Info:    ... okay on input line 13.
LaTeX Font Info:    Checking defaults for U/cmr/m/n on input line 13.
LaTeX Font Info:    ... okay on input line 13.
LaTeX Font Info:    Checking defaults for PD1/pdf/m/n on input line 13.
LaTeX Font Info:    ... okay on input line 13.
LaTeX Font Info:    Checking defaults for PU/pdf/m/n on input line 13.
LaTeX Font Info:    ... okay on input line 13.
Package scrbase Info: activating british \abstractname on input line 13.
Package scrbase Info: activating british \partname on input line 13.
Package scrbase Info: activating british \figurename on input line 13.
Package scrbase Info: activating british \tablename on input line 13.
Package scrbase Info: activating british \contentsname on input line 13.
Package scrbase Info: activating british \listfigurename on input line 13.
Package scrbase Info: activating british \listtablename on input line 13.
Package scrbase Info: activating british \refname on input line 13.
Package scrbase Info: activating british \indexname on input line 13.

*geometry* driver: auto-detecting
*geometry* detected driver: luatex
*geometry* verbose mode - [ preamble ] result:
* driver: luatex
* paper: <default>
* layout: <same size as paper>
* layoutoffset:(h,v)=(0.0pt,0.0pt)
* modes: 
* h-part:(L,W,R)=(71.13188pt, 455.24417pt, 71.13188pt)
* v-part:(T,H,B)=(99.58464pt, 640.1872pt, 105.2751pt)
* \paperwidth=597.50793pt
* \paperheight=845.04694pt
* \textwidth=448.13095pt
* \textheight=635.5pt
* \oddsidemargin=2.4185pt
* \evensidemargin=2.4185pt
* \topmargin=-41.72441pt
* \headheight=18.125pt
* \headsep=21.75pt
* \topskip=12.0pt
* \footskip=50.75pt
* \marginparwidth=49.79233pt
* \marginparsep=12.8401pt
* \columnsep=10.0pt
* \skip\footins=10.8pt plus 4.0pt minus 2.0pt
* \hoffset=0.0pt
* \voffset=0.0pt
* \mag=1000
* \@twocolumnfalse
* \@twosidefalse
* \@mparswitchfalse
* \@reversemarginfalse
* (1in=72.27pt=25.4mm, 1cm=28.453pt)

LaTeX Font Info:    Overwriting math alphabet `\mathrm' in version `normal'
(Font)                  TU/LatinModernMath(1)/m/n --> TU/lmr/m/n on input line 13.
LaTeX Font Info:    Overwriting math alphabet `\mathit' in version `normal'
(Font)                  OT1/cmr/m/it --> TU/lmr/m/it on input line 13.
LaTeX Font Info:    Overwriting math alphabet `\mathbf' in version `normal'
(Font)                  OT1/cmr/bx/n --> TU/lmr/bx/n on input line 13.
LaTeX Font Info:    Overwriting math alphabet `\mathsf' in version `normal'
(Font)                  OT1/cmss/m/n --> TU/lmss/m/n on input line 13.
LaTeX Font Info:    Overwriting math alphabet `\mathsf' in version `bold'
(Font)                  OT1/cmss/bx/n --> TU/lmss/bx/n on input line 13.
LaTeX Font Info:    Overwriting math alphabet `\mathtt' in version `normal'
(Font)                  OT1/cmtt/m/n --> TU/lmtt/m/n on input line 13.
LaTeX Font Info:    Overwriting math alphabet `\mathtt' in version `bold'
(Font)                  OT1/cmtt/m/n --> TU/lmtt/bx/n on input line 13.
(/home/tabea/.local/texlive/2023/texmf-dist/tex/latex/translations/translations-basic-dictionary-english.trsl
File: translations-basic-dictionary-english.trsl (english translation file `translations-basic-dictionary')
)

Package chemgreek Info: Activating mapping `fontspec' on line 13.

 (/home/tabea/.local/texlive/2023/texmf-dist/tex/context/base/mkii/supp-pdf.mkii
[Loading MPS to PDF converter (version 2006.09.02).]
\scratchcounter=\count474
\scratchdimen=\dimen280
\scratchbox=\box74
\nofMPsegments=\count475
\nofMParguments=\count476
\everyMPshowfont=\toks35
\MPscratchCnt=\count477
\MPscratchDim=\dimen281
\MPnumerator=\count478
\makeMPintoPDFobject=\count479
\everyMPtoPDFconversion=\toks36
) (/home/tabea/.local/texlive/2023/texmf-dist/tex/latex/epstopdf-pkg/epstopdf-base.sty
Package: epstopdf-base 2020-01-24 v2.11 Base part for package epstopdf
 (/home/tabea/.local/texlive/2023/texmf-dist/tex/latex/grfext/grfext.sty
Package: grfext 2019/12/03 v1.3 Manage graphics extensions (HO)
)
Package epstopdf-base Info: Redefining graphics rule for `.eps' on input line 485.
Package grfext Info: Graphics extension search list:
(grfext)             [.pdf,.png,.jpg,.mps,.jpeg,.jbig2,.jb2,.PDF,.PNG,.JPG,.JPEG,.JBIG2,.JB2,.eps]
(grfext)             \AppendGraphicsExtensions on input line 504.
 (/home/tabea/.local/texlive/2023/texmf-dist/tex/latex/latexconfig/epstopdf-sys.cfg
File: epstopdf-sys.cfg 2010/07/13 v1.3 Configuration of (r)epstopdf for TeX Live
))
Package caption Info: Begin \AtBeginDocument code.
Package caption Info: hyperref package is loaded.
Package caption Info: End \AtBeginDocument code.
LaTeX Info: Redefining \microtypecontext on input line 13.
Package microtype Info: Applying patch `item' on input line 13.
Package microtype Info: Applying patch `toc' on input line 13.
Package microtype Info: Applying patch `eqnum' on input line 13.
Package microtype Info: Applying patch `footnote' on input line 13.
Package microtype Info: Applying patch `verbatim' on input line 13.
Package microtype Info: Generating PDF output.
Package microtype Info: Character protrusion enabled (level 2).
Package microtype Info: Using default protrusion set `alltext'.
Package microtype Info: Automatic font expansion enabled (level 2),
(microtype)             stretch: 20, shrink: 20, step: 1, non-selected.
Package microtype Info: Using default expansion set `alltext-nott'.
LaTeX Info: Redefining \showhyphens on input line 13.
Package microtype Info: No adjustment of tracking.
Package microtype Info: No adjustment of spacing.
Package microtype Info: No adjustment of kerning.
 (/home/tabea/.local/texlive/2023/texmf-dist/tex/latex/microtype/mt-LatinModernRoman.cfg
File: mt-LatinModernRoman.cfg 2021/02/21 v1.1 microtype config. file: Latin Modern Roman (RS)
)
Package biblatex Info: Trying to load language 'british'...
Package biblatex Info: ... file 'british.lbx' found.
 (/home/tabea/.local/texlive/2023/texmf-dist/tex/latex/biblatex/lbx/british.lbx
File: british.lbx 2023/03/05 v3.19 biblatex localization (PK/MW)
Package biblatex Info: Trying to load language 'english'...
Package biblatex Info: ... file 'english.lbx' found.
 (/home/tabea/.local/texlive/2023/texmf-dist/tex/latex/biblatex/lbx/english.lbx
File: english.lbx 2023/03/05 v3.19 biblatex localization (PK/MW)
))
Package biblatex Info: LuaTeX detected.
(biblatex)             Assuming input encoding 'utf8'.
Package biblatex Info: Automatic encoding selection.
(biblatex)             Assuming data encoding 'utf8'.

\openout3 = Report.bcf
Package biblatex Info: Trying to load bibliographic data...
Package biblatex Info: ... file 'Report.bbl' found.
 (./build/Report.bbl)
Package biblatex Info: Reference section=0 on input line 13.
Package biblatex Info: Reference segment=0 on input line 13.
Package hyperref Info: Link coloring OFF on input line 13.
Package microtype Info: Loading generic protrusion settings for font family
(microtype)             `LatinModernMath' (encoding: TU).
(microtype)             For optimal results, create family-specific settings.
(microtype)             See the microtype manual for details.
 (/home/tabea/.local/texlive/2023/texmf-dist/tex/latex/microtype/mt-msa.cfg
File: mt-msa.cfg 2006/02/04 v1.1 microtype config. file: AMS symbols (a) (RS)
) (/home/tabea/.local/texlive/2023/texmf-dist/tex/latex/microtype/mt-msb.cfg
File: mt-msb.cfg 2005/06/01 v1.0 microtype config. file: AMS symbols (b) (RS)
)
Package microtype Info: Loading generic protrusion settings for font family
(microtype)             `XITSMath' (encoding: TU).
(microtype)             For optimal results, create family-specific settings.
(microtype)             See the microtype manual for details.
<content/pics/motorcycle.jpg, id=6, 3035.34pt x 3616.51125pt>
File: content/pics/motorcycle.jpg Graphic file (type jpg)
<use content/pics/motorcycle.jpg>
Package luatex.def Info: content/pics/motorcycle.jpg  used on input line 18.
(luatex.def)             Requested size: 224.06548pt x 266.92233pt.
 [1

{/home/tabea/.local/texlive/2023/texmf-var/fonts/map/pdftex/updmap/pdftex.map}<./content/pics/motorcycle.jpg>]
Package microtype Info: Loading generic protrusion settings for font family
(microtype)             `lmss' (encoding: TU).
(microtype)             For optimal results, create family-specific settings.
(microtype)             See the microtype manual for details.
Package tocbasic Info: character protrusion at toc deactivated on input line 20.
 (./build/Report.toc)
\tf@toc=\write4

\openout4 = Report.toc
 [2] (./content/Motivation.tex) (./content/Dataset.tex
<content/pics/df_bmw_raw.png, id=55, 380.622pt x 238.491pt>
File: content/pics/df_bmw_raw.png Graphic file (type png)
<use content/pics/df_bmw_raw.png>
Package luatex.def Info: content/pics/df_bmw_raw.png  used on input line 22.
(luatex.def)             Requested size: 145.64119pt x 91.25706pt.
<content/pics/df_bikez_raw.png, id=56, 662.475pt x 201.1515pt>
File: content/pics/df_bikez_raw.png Graphic file (type png)
<use content/pics/df_bikez_raw.png>
Package luatex.def Info: content/pics/df_bikez_raw.png  used on input line 27.
(luatex.def)             Requested size: 295.76807pt x 89.80525pt.
Package microtype Info: Loading generic protrusion settings for font family
(microtype)             `lmtt' (encoding: TU).
(microtype)             For optimal results, create family-specific settings.
(microtype)             See the microtype manual for details.
 [3] [4<./content/pics/df_bmw_raw.png><./content/pics/df_bikez_raw.png>]
<content/pics/Scatter_Matrix_All.png, id=84, 1345.025pt x 1220.56pt>
File: content/pics/Scatter_Matrix_All.png Graphic file (type png)
<use content/pics/Scatter_Matrix_All.png>
Package luatex.def Info: content/pics/Scatter_Matrix_All.png  used on input line 63.
(luatex.def)             Requested size: 403.31511pt x 365.98459pt.


LaTeX Warning: Unexpected alignment h on input line 63.

<content/pics/Price_Attribute_Scatter.png, id=86, 2066.922pt x 891.8118pt>
File: content/pics/Price_Attribute_Scatter.png Graphic file (type png)
<use content/pics/Price_Attribute_Scatter.png>
Package luatex.def Info: content/pics/Price_Attribute_Scatter.png  used on input line 74.
(luatex.def)             Requested size: 448.13095pt x 193.35515pt.

LaTeX Warning: Unexpected alignment h on input line 74.


LaTeX Warning: No positions in optional float specifier.
               Default added (so using `!htbp') on input line 81.

<content/pics/correlation_matrix.png, id=88, 656.9343pt x 628.0263pt>
File: content/pics/correlation_matrix.png Graphic file (type png)
<use content/pics/correlation_matrix.png>
Package luatex.def Info: content/pics/correlation_matrix.png  used on input line 83.
(luatex.def)             Requested size: 313.69029pt x 299.89677pt.

LaTeX Warning: `h' float specifier changed to `ht'.

[5] [6<./content/pics/Scatter_Matrix_All.png>] [7<./content/pics/Price_Attribute_Scatter.png><./content/pics/correlation_matrix.png>]) (./content/Machine_Learning.tex
Overfull \hbox (5.21841pt too wide) in paragraph at lines 36--58
 [][] 
 []

[8]

LaTeX Warning: `!h' float specifier changed to `!ht'.

<content/pics/Ensembled_Model_compromised.png, id=124, 1165.35374pt x 274.02374pt>
File: content/pics/Ensembled_Model_compromised.png Graphic file (type png)
<use content/pics/Ensembled_Model_compromised.png>
Package luatex.def Info: content/pics/Ensembled_Model_compromised.png  used on input line 75.
(luatex.def)             Requested size: 560.16368pt x 131.72223pt.
<content/pics/Learning_curve.png, id=127, 985.0401pt x 563.706pt>
File: content/pics/Learning_curve.png Graphic file (type png)
<use content/pics/Learning_curve.png>
Package luatex.def Info: content/pics/Learning_curve.png  used on input line 102.
(luatex.def)             Requested size: 313.69029pt x 179.51225pt.
[9] [10]
<content/pics/residuals_train_test.png, id=144, 1670.1597pt x 643.203pt>
File: content/pics/residuals_train_test.png Graphic file (type png)
<use content/pics/residuals_train_test.png>
Package luatex.def Info: content/pics/residuals_train_test.png  used on input line 110.
(luatex.def)             Requested size: 448.13095pt x 172.57771pt.
 [11<./content/pics/Ensembled_Model_compromised.png><./content/pics/Learning_curve.png>]
<content/pics/Table_Worst.png, id=156, 847.36575pt x 218.0145pt>
File: content/pics/Table_Worst.png Graphic file (type png)
<use content/pics/Table_Worst.png>
Package luatex.def Info: content/pics/Table_Worst.png  used on input line 120.
(luatex.def)             Requested size: 448.13095pt x 115.29762pt.
) (./content/Alternative_Method.tex
Overfull \hbox (0.5865pt too wide) in paragraph at lines 20--20
[]|$\TU/LatinModernMath(1)/m/n/12 5167510.12$| 
 []

[12<./content/pics/residuals_train_test.png><./content/pics/Table_Worst.png>]
<content/pics/residuals_Ensemble_kNN.png, id=170, 1670.8824pt x 642.4803pt>
File: content/pics/residuals_Ensemble_kNN.png Graphic file (type png)
<use content/pics/residuals_Ensemble_kNN.png>
Package luatex.def Info: content/pics/residuals_Ensemble_kNN.png  used on input line 44.
(luatex.def)             Requested size: 448.13095pt x 172.30539pt.
 [13] [14<./content/pics/residuals_Ensemble_kNN.png>])
Overfull \hbox (14.52571pt too wide) in paragraph at lines 28--28
\TU/lmr/m/sc/12 url\TU/ptm/m/n/12 : []$\TU/lmtt/m/n/12 http : / / matplotlib . org/$[]\TU/ptm/m/n/12 . Cur-rent ver-sion 3.4.3, \TU/lmr/m/sc/12 doi\TU/ptm/m/n/12 : []\TU/lmtt/m/n/12 10.5281/zenodo.5194481[]\TU/ptm/m/n/12 . 
 []

[15] (./content/Appendix.tex
Overfull \hbox (3.27594pt too wide) in paragraph at lines 27--27
[]|$\TU/LatinModernMath(1)/m/n/12 10952648.3$| 
 []


Overfull \hbox (3.27594pt too wide) in paragraph at lines 28--28
[]|$\TU/LatinModernMath(1)/m/n/12 11411895.8$| 
 []


Overfull \hbox (3.58795pt too wide) in paragraph at lines 29--29
[]|$\TU/LatinModernMath(1)/m/n/12 11127472.7$| 
 []


Overfull \hbox (3.43195pt too wide) in paragraph at lines 30--30
[]|$\TU/LatinModernMath(1)/m/n/12 11975364.1$| 
 []


Overfull \hbox (5.21841pt too wide) in paragraph at lines 6--38
 [][] 
 []

File: content/pics/Scatter_Matrix_All.png Graphic file (type png)
<use content/pics/Scatter_Matrix_All.png>
Package luatex.def Info: content/pics/Scatter_Matrix_All.png  used on input line 45.
(luatex.def)             Requested size: 448.13095pt x 406.65988pt.
<content/pics/Scatter_Standard.png, id=210, 930.47626pt x 697.60625pt>
File: content/pics/Scatter_Standard.png Graphic file (type png)
<use content/pics/Scatter_Standard.png>
Package luatex.def Info: content/pics/Scatter_Standard.png  used on input line 54.
(luatex.def)             Requested size: 215.10094pt x 161.26569pt.
<content/pics/Scatter_Robust.png, id=211, 930.47626pt x 697.60625pt>
File: content/pics/Scatter_Robust.png Graphic file (type png)
<use content/pics/Scatter_Robust.png>
Package luatex.def Info: content/pics/Scatter_Robust.png  used on input line 60.
(luatex.def)             Requested size: 215.10094pt x 161.26569pt.
<content/pics/Scatter_Normal.png, id=212, 936.49875pt x 697.60625pt>
File: content/pics/Scatter_Normal.png Graphic file (type png)
<use content/pics/Scatter_Normal.png>
Package luatex.def Info: content/pics/Scatter_Normal.png  used on input line 66.
(luatex.def)             Requested size: 215.10094pt x 160.22252pt.
<content/pics/Scatter_MinMax.png, id=213, 938.50626pt x 697.60625pt>
File: content/pics/Scatter_MinMax.png Graphic file (type png)
<use content/pics/Scatter_MinMax.png>
Package luatex.def Info: content/pics/Scatter_MinMax.png  used on input line 72.
(luatex.def)             Requested size: 215.10094pt x 159.8819pt.
<content/pics/Scatter_MaxAbs.png, id=214, 938.50626pt x 697.60625pt>
File: content/pics/Scatter_MaxAbs.png Graphic file (type png)
<use content/pics/Scatter_MaxAbs.png>
Package luatex.def Info: content/pics/Scatter_MaxAbs.png  used on input line 78.
(luatex.def)             Requested size: 215.10094pt x 159.8819pt.
<content/pics/Scatter_Uniform.png, id=215, 938.50626pt x 697.60625pt>
File: content/pics/Scatter_Uniform.png Graphic file (type png)
<use content/pics/Scatter_Uniform.png>
Package luatex.def Info: content/pics/Scatter_Uniform.png  used on input line 84.
(luatex.def)             Requested size: 215.10094pt x 159.8819pt.
File: content/pics/df_bmw_raw.png Graphic file (type png)
<use content/pics/df_bmw_raw.png>
Package luatex.def Info: content/pics/df_bmw_raw.png  used on input line 95.
(luatex.def)             Requested size: 448.13095pt x 280.80919pt.
File: content/pics/df_bikez_raw.png Graphic file (type png)
<use content/pics/df_bikez_raw.png>
Package luatex.def Info: content/pics/df_bikez_raw.png  used on input line 100.
(luatex.def)             Requested size: 448.13095pt x 136.06912pt.
<content/pics/Feature_Importances_std.png, id=216, 738.5994pt x 500.8311pt>
File: content/pics/Feature_Importances_std.png Graphic file (type png)
<use content/pics/Feature_Importances_std.png>
Package luatex.def Info: content/pics/Feature_Importances_std.png  used on input line 111.
(luatex.def)             Requested size: 215.10094pt x 145.85631pt.
<content/pics/Feature_Importances_robust.png, id=217, 738.5994pt x 500.8311pt>
File: content/pics/Feature_Importances_robust.png Graphic file (type png)
<use content/pics/Feature_Importances_robust.png>
Package luatex.def Info: content/pics/Feature_Importances_robust.png  used on input line 117.
(luatex.def)             Requested size: 215.10094pt x 145.85631pt.
<content/pics/Feature_Importances_norm.png, id=218, 738.5994pt x 500.8311pt>
File: content/pics/Feature_Importances_norm.png Graphic file (type png)
<use content/pics/Feature_Importances_norm.png>
Package luatex.def Info: content/pics/Feature_Importances_norm.png  used on input line 123.
(luatex.def)             Requested size: 215.10094pt x 145.85631pt.
<content/pics/Feature_Importances_none.png, id=219, 738.5994pt x 500.8311pt>
File: content/pics/Feature_Importances_none.png Graphic file (type png)
<use content/pics/Feature_Importances_none.png>
Package luatex.def Info: content/pics/Feature_Importances_none.png  used on input line 129.
(luatex.def)             Requested size: 215.10094pt x 145.85631pt.
<content/pics/boxplots_crossval.png, id=220, 873.0216pt x 482.7636pt>
File: content/pics/boxplots_crossval.png Graphic file (type png)
<use content/pics/boxplots_crossval.png>
Package luatex.def Info: content/pics/boxplots_crossval.png  used on input line 139.
(luatex.def)             Requested size: 448.13095pt x 247.81204pt.
<content/pics/Distribution_Residuals.png, id=221, 934.4511pt x 563.706pt>
File: content/pics/Distribution_Residuals.png Graphic file (type png)
<use content/pics/Distribution_Residuals.png>
Package luatex.def Info: content/pics/Distribution_Residuals.png  used on input line 147.
(luatex.def)             Requested size: 448.13095pt x 270.33496pt.
<content/pics/Distribution_Residuals_Ensemble_kNN.png, id=222, 934.4511pt x 563.706pt>
File: content/pics/Distribution_Residuals_Ensemble_kNN.png Graphic file (type png)
<use content/pics/Distribution_Residuals_Ensemble_kNN.png>
Package luatex.def Info: content/pics/Distribution_Residuals_Ensemble_kNN.png  used on input line 154.
(luatex.def)             Requested size: 448.13095pt x 270.33496pt.
<content/pics/Ensembled_Model.png, id=223, 1555.61176pt x 443.85825pt>
File: content/pics/Ensembled_Model.png Graphic file (type png)
<use content/pics/Ensembled_Model.png>
Package luatex.def Info: content/pics/Ensembled_Model.png  used on input line 161.
(luatex.def)             Requested size: 448.13095pt x 127.86223pt.
<content/pics/Predictionerrorplot.png, id=224, 939.51pt x 563.706pt>
File: content/pics/Predictionerrorplot.png Graphic file (type png)
<use content/pics/Predictionerrorplot.png>
Package luatex.def Info: content/pics/Predictionerrorplot.png  used on input line 168.
(luatex.def)             Requested size: 448.13095pt x 268.87271pt.
<content/pics/Predictionerrorplot_Knn.png, id=225, 939.51pt x 563.706pt>
File: content/pics/Predictionerrorplot_Knn.png Graphic file (type png)
<use content/pics/Predictionerrorplot_Knn.png>
Package luatex.def Info: content/pics/Predictionerrorplot_Knn.png  used on input line 175.
(luatex.def)             Requested size: 448.13095pt x 268.87271pt.
<content/pics/residuals_train_test_knn.png, id=226, 1661.4873pt x 643.203pt>
File: content/pics/residuals_train_test_knn.png Graphic file (type png)
<use content/pics/residuals_train_test_knn.png>
Package luatex.def Info: content/pics/residuals_train_test_knn.png  used on input line 182.
(luatex.def)             Requested size: 448.13095pt x 173.48065pt.

LaTeX Warning: No positions in optional float specifier.
               Default added (so using `!htbp') on input line 186.

File: content/pics/correlation_matrix.png Graphic file (type png)
<use content/pics/correlation_matrix.png>
Package luatex.def Info: content/pics/correlation_matrix.png  used on input line 188.
(luatex.def)             Requested size: 448.13095pt x 428.42259pt.
) [16] [17] [18<./content/pics/Scatter_Standard.png><./content/pics/Scatter_Robust.png><./content/pics/Scatter_Normal.png><./content/pics/Scatter_MinMax.png><./content/pics/Scatter_MaxAbs.png><./content/pics/Scatter_Uniform.png>] [19] [20<./content/pics/Feature_Importances_std.png><./content/pics/Feature_Importances_robust.png><./content/pics/Feature_Importances_norm.png><./content/pics/Feature_Importances_none.png>] [21<./content/pics/boxplots_crossval.png><./content/pics/Distribution_Residuals.png>] [22<./content/pics/Distribution_Residuals_Ensemble_kNN.png><./content/pics/Ensembled_Model.png>] [23<./content/pics/Predictionerrorplot.png>] [24<./content/pics/Predictionerrorplot_Knn.png><./content/pics/residuals_train_test_knn.png>] [25] (./build/Report.aux)
 ***********
LaTeX2e <2023-11-01>
L3 programming layer <2020/03/25>
 ***********
Package rerunfilecheck Info: File `Report.aux' has not changed.
(rerunfilecheck)             Checksum: 5BE82F77AF3BA65AA691E8140940E6C9;16364.


LaTeX Font Warning: Some font shapes were not available, defaults substituted.


LaTeX Warning: There were multiply-defined labels.

Package rerunfilecheck Info: File `Report.toc' has not changed.
(rerunfilecheck)             Checksum: 631934A0CEC16C65A54D94C18C35852B;958.
Package logreq Info: Writing requests to 'Report.run.xml'.

\openout1 = Report.run.xml
)

Here is how much of LuaTeX's memory you used:
 40294 strings out of 476598
 125009,2373549 words of node,token memory allocated
 779 words of node memory still in use:
   8 hlist, 2 vlist, 2 rule, 1 local_par, 8 glue, 4 kern, 1 penalty, 3 glyph, 24 attribute, 78 glue_spec, 14 attribute_list, 1 write, 5 pdf_action nodes
   avail lists: 1:12,2:5350,3:966,4:169,5:475,6:384,7:9097,8:90,9:3254,10:13,11:596,12:1
 61395 multiletter control sequences out of 65536+600000
 108 fonts using 41683263 bytes
 113i,14n,109p,10922b,2936s stack positions out of 10000i,1000n,20000p,200000b,200000s
</home/tabea/.local/texlive/2023/texmf-dist/fonts/opentype/public/lm/lmromancaps10-regular.otf></home/tabea/.local/texlive/2023/texmf-dist/fonts/opentype/public/lm-math/latinmodern-math.otf></home/tabea/.local/texlive/2023/texmf-dist/fonts/opentype/public/lm/lmroman10-italic.otf></home/tabea/.local/texlive/2023/texmf-dist/fonts/opentype/public/lm-math/latinmodern-math.otf></home/tabea/.local/texlive/2023/texmf-dist/fonts/opentype/public/lm/lmmono12-regular.otf></home/tabea/.local/texlive/2023/texmf-dist/fonts/opentype/public/lm/lmroman10-regular.otf></home/tabea/.local/texlive/2023/texmf-dist/fonts/opentype/public/lm/lmroman10-bold.otf></home/tabea/.local/texlive/2023/texmf-dist/fonts/opentype/public/lm/lmroman12-italic.otf></home/tabea/.local/texlive/2023/texmf-dist/fonts/opentype/public/lm/lmsans10-bold.otf></home/tabea/.local/texlive/2023/texmf-dist/fonts/opentype/public/lm/lmroman12-regular.otf></home/tabea/.local/texlive/2023/texmf-dist/fonts/opentype/public/lm/lmroman12-bold.otf>
Output written on Report.pdf (25 pages, 3862651 bytes).

PDF statistics: 405 PDF objects out of 1000 (max. 8388607)
 287 compressed objects within 3 object streams
 73 named destinations out of 1000 (max. 131072)
 89 words of extra memory for PDF output out of 10000 (max. 100000000)

